Started GET "/" for 127.0.0.1 at 2018-06-26 13:58:45 -0400
Processing by Rails::WelcomeController#index as HTML
  Rendering /var/lib/gems/2.3.0/gems/railties-5.2.0/lib/rails/templates/rails/welcome/index.html.erb
  Rendered /var/lib/gems/2.3.0/gems/railties-5.2.0/lib/rails/templates/rails/welcome/index.html.erb (11.6ms)
Completed 200 OK in 37ms (Views: 21.4ms | ActiveRecord: 0.0ms)


Started GET "/" for 127.0.0.1 at 2018-06-26 14:05:00 -0400
Processing by Rails::WelcomeController#index as HTML
  Rendering /var/lib/gems/2.3.0/gems/railties-5.2.0/lib/rails/templates/rails/welcome/index.html.erb
  Rendered /var/lib/gems/2.3.0/gems/railties-5.2.0/lib/rails/templates/rails/welcome/index.html.erb (6.4ms)
Completed 200 OK in 15ms (Views: 9.4ms | ActiveRecord: 0.0ms)


Started GET "/" for 127.0.0.1 at 2018-06-27 06:01:42 -0400
Processing by Rails::WelcomeController#index as HTML
  Rendering /var/lib/gems/2.3.0/gems/railties-5.2.0/lib/rails/templates/rails/welcome/index.html.erb
  Rendered /var/lib/gems/2.3.0/gems/railties-5.2.0/lib/rails/templates/rails/welcome/index.html.erb (6.7ms)
Completed 200 OK in 26ms (Views: 13.6ms | ActiveRecord: 0.0ms)


Started GET "/" for 127.0.0.1 at 2018-06-27 06:02:28 -0400
Processing by HomeController#index as HTML
  Rendering home/index.html.erb within layouts/application
  Rendered home/index.html.erb within layouts/application (0.5ms)
Completed 200 OK in 1202ms (Views: 1196.0ms | ActiveRecord: 0.0ms)


Started GET "/" for 127.0.0.1 at 2018-06-27 06:03:16 -0400
Processing by HomeController#index as HTML
  Rendering home/index.html.erb within layouts/application
  Rendered home/index.html.erb within layouts/application (0.3ms)
Completed 200 OK in 13ms (Views: 12.5ms | ActiveRecord: 0.0ms)


Started GET "/" for 127.0.0.1 at 2018-06-27 06:03:49 -0400
Processing by HomeController#index as HTML
  Rendering home/index.html.erb within layouts/application
  Rendered home/index.html.erb within layouts/application (0.3ms)
Completed 200 OK in 11ms (Views: 10.2ms | ActiveRecord: 0.0ms)


Started GET "/" for 127.0.0.1 at 2018-06-27 06:03:51 -0400
Processing by HomeController#index as HTML
  Rendering home/index.html.erb within layouts/application
  Rendered home/index.html.erb within layouts/application (0.3ms)
Completed 200 OK in 10ms (Views: 9.7ms | ActiveRecord: 0.0ms)


Started GET "/" for 127.0.0.1 at 2018-06-27 06:03:52 -0400
Processing by HomeController#index as HTML
  Rendering home/index.html.erb within layouts/application
  Rendered home/index.html.erb within layouts/application (0.2ms)
Completed 200 OK in 39ms (Views: 38.3ms | ActiveRecord: 0.0ms)


  [1m[35m (0.1ms)[0m  [1m[34mSELECT sqlite_version(*)[0m
  ↳ /usr/lib/ruby/vendor_ruby/rake/task.rb:250
  [1m[35m (9.3ms)[0m  [1m[35mCREATE TABLE "schema_migrations" ("version" varchar NOT NULL PRIMARY KEY)[0m
  ↳ /usr/lib/ruby/vendor_ruby/rake/task.rb:250
  [1m[35m (6.3ms)[0m  [1m[35mCREATE TABLE "ar_internal_metadata" ("key" varchar NOT NULL PRIMARY KEY, "value" varchar, "created_at" datetime NOT NULL, "updated_at" datetime NOT NULL)[0m
  ↳ /usr/lib/ruby/vendor_ruby/rake/task.rb:250
  [1m[35m (0.1ms)[0m  [1m[34mSELECT "schema_migrations"."version" FROM "schema_migrations" ORDER BY "schema_migrations"."version" ASC[0m
  ↳ /usr/lib/ruby/vendor_ruby/rake/task.rb:250
Migrating to CreatePosts (20180627100951)
  [1m[35m (0.1ms)[0m  [1m[36mbegin transaction[0m
  ↳ /usr/lib/ruby/vendor_ruby/rake/task.rb:250
  [1m[35m (0.9ms)[0m  [1m[35mCREATE TABLE "posts" ("id" integer PRIMARY KEY AUTOINCREMENT NOT NULL, "name" varchar, "title" varchar, "content" text, "created_at" datetime NOT NULL, "updated_at" datetime NOT NULL)[0m
  ↳ db/migrate/20180627100951_create_posts.rb:3
  [1m[36mActiveRecord::SchemaMigration Create (0.2ms)[0m  [1m[32mINSERT INTO "schema_migrations" ("version") VALUES (?)[0m  [["version", "20180627100951"]]
  ↳ /usr/lib/ruby/vendor_ruby/rake/task.rb:250
  [1m[35m (12.8ms)[0m  [1m[36mcommit transaction[0m
  ↳ /usr/lib/ruby/vendor_ruby/rake/task.rb:250
  [1m[36mActiveRecord::InternalMetadata Load (0.3ms)[0m  [1m[34mSELECT  "ar_internal_metadata".* FROM "ar_internal_metadata" WHERE "ar_internal_metadata"."key" = ? LIMIT ?[0m  [["key", "environment"], ["LIMIT", 1]]
  ↳ /usr/lib/ruby/vendor_ruby/rake/task.rb:250
  [1m[35m (0.1ms)[0m  [1m[36mbegin transaction[0m
  ↳ /usr/lib/ruby/vendor_ruby/rake/task.rb:250
  [1m[36mActiveRecord::InternalMetadata Create (1.6ms)[0m  [1m[32mINSERT INTO "ar_internal_metadata" ("key", "value", "created_at", "updated_at") VALUES (?, ?, ?, ?)[0m  [["key", "environment"], ["value", "development"], ["created_at", "2018-06-27 10:17:50.616683"], ["updated_at", "2018-06-27 10:17:50.616683"]]
  ↳ /usr/lib/ruby/vendor_ruby/rake/task.rb:250
  [1m[35m (5.9ms)[0m  [1m[36mcommit transaction[0m
  ↳ /usr/lib/ruby/vendor_ruby/rake/task.rb:250
  [1m[35m (0.3ms)[0m  [1m[34mSELECT "schema_migrations"."version" FROM "schema_migrations" ORDER BY "schema_migrations"."version" ASC[0m
  ↳ /usr/lib/ruby/vendor_ruby/rake/task.rb:250
Started GET "/" for 127.0.0.1 at 2018-06-27 06:20:59 -0400
  [1m[35m (0.4ms)[0m  [1m[34mSELECT "schema_migrations"."version" FROM "schema_migrations" ORDER BY "schema_migrations"."version" ASC[0m
  ↳ /var/lib/gems/2.3.0/gems/activerecord-5.2.0/lib/active_record/log_subscriber.rb:98
Processing by HomeController#index as HTML
  Rendering home/index.html.erb within layouts/application
  Rendered home/index.html.erb within layouts/application (1.2ms)
Completed 200 OK in 113ms (Views: 111.7ms | ActiveRecord: 0.0ms)


Started GET "/posts" for 127.0.0.1 at 2018-06-27 06:21:01 -0400
Processing by PostsController#index as HTML
  Rendering posts/index.html.erb within layouts/application
  [1m[36mPost Load (0.2ms)[0m  [1m[34mSELECT "posts".* FROM "posts"[0m
  ↳ app/views/posts/index.html.erb:16
  Rendered posts/index.html.erb within layouts/application (4.1ms)
Completed 200 OK in 65ms (Views: 44.1ms | ActiveRecord: 0.4ms)


Started GET "/posts/new" for 127.0.0.1 at 2018-06-27 06:21:55 -0400
Processing by PostsController#new as HTML
  Rendering posts/new.html.erb within layouts/application
  Rendered posts/_form.html.erb (73.9ms)
  Rendered posts/new.html.erb within layouts/application (75.8ms)
Completed 200 OK in 108ms (Views: 101.0ms | ActiveRecord: 0.4ms)


Started POST "/posts" for 127.0.0.1 at 2018-06-27 06:22:27 -0400
Processing by PostsController#create as HTML
  Parameters: {"utf8"=>"✓", "authenticity_token"=>"P64vUUkXqtqlbUV/oHIal4OcvhgoFXKdFgQGZJPl0yDmnbreTXEGHP6wqOIykrB6JXrLwIcnlbqkJAz/9IYkfQ==", "post"=>{"name"=>"Wang", "title"=>"Upwork", "content"=>"This is the upwork post."}, "commit"=>"Create Post"}
  [1m[35m (0.1ms)[0m  [1m[36mbegin transaction[0m
  ↳ app/controllers/posts_controller.rb:30
  [1m[36mPost Create (0.4ms)[0m  [1m[32mINSERT INTO "posts" ("name", "title", "content", "created_at", "updated_at") VALUES (?, ?, ?, ?, ?)[0m  [["name", "Wang"], ["title", "Upwork"], ["content", "This is the upwork post."], ["created_at", "2018-06-27 10:22:27.471855"], ["updated_at", "2018-06-27 10:22:27.471855"]]
  ↳ app/controllers/posts_controller.rb:30
  [1m[35m (6.2ms)[0m  [1m[36mcommit transaction[0m
  ↳ app/controllers/posts_controller.rb:30
Redirected to http://localhost:3000/posts/1
Completed 302 Found in 12ms (ActiveRecord: 6.6ms)


Started GET "/posts/1" for 127.0.0.1 at 2018-06-27 06:22:27 -0400
Processing by PostsController#show as HTML
  Parameters: {"id"=>"1"}
  [1m[36mPost Load (0.2ms)[0m  [1m[34mSELECT  "posts".* FROM "posts" WHERE "posts"."id" = ? LIMIT ?[0m  [["id", 1], ["LIMIT", 1]]
  ↳ app/controllers/posts_controller.rb:67
  Rendering posts/show.html.erb within layouts/application
  Rendered posts/show.html.erb within layouts/application (0.7ms)
Completed 200 OK in 44ms (Views: 34.8ms | ActiveRecord: 0.2ms)


Started GET "/posts" for 127.0.0.1 at 2018-06-27 06:22:35 -0400
Processing by PostsController#index as HTML
  Rendering posts/index.html.erb within layouts/application
  [1m[36mPost Load (0.4ms)[0m  [1m[34mSELECT "posts".* FROM "posts"[0m
  ↳ app/views/posts/index.html.erb:16
  Rendered posts/index.html.erb within layouts/application (2.3ms)
Completed 200 OK in 25ms (Views: 23.3ms | ActiveRecord: 0.4ms)


Started GET "/posts/1" for 127.0.0.1 at 2018-06-27 06:22:47 -0400
Processing by PostsController#show as HTML
  Parameters: {"id"=>"1"}
  [1m[36mPost Load (0.1ms)[0m  [1m[34mSELECT  "posts".* FROM "posts" WHERE "posts"."id" = ? LIMIT ?[0m  [["id", 1], ["LIMIT", 1]]
  ↳ app/controllers/posts_controller.rb:67
  Rendering posts/show.html.erb within layouts/application
  Rendered posts/show.html.erb within layouts/application (0.6ms)
Completed 200 OK in 29ms (Views: 27.8ms | ActiveRecord: 0.1ms)


Started GET "/posts" for 127.0.0.1 at 2018-06-27 06:22:49 -0400
Processing by PostsController#index as HTML
  Rendering posts/index.html.erb within layouts/application
  [1m[36mPost Load (0.3ms)[0m  [1m[34mSELECT "posts".* FROM "posts"[0m
  ↳ app/views/posts/index.html.erb:16
  Rendered posts/index.html.erb within layouts/application (2.0ms)
Completed 200 OK in 29ms (Views: 27.9ms | ActiveRecord: 0.3ms)


Started GET "/posts/1/edit" for 127.0.0.1 at 2018-06-27 06:22:52 -0400
Processing by PostsController#edit as HTML
  Parameters: {"id"=>"1"}
  [1m[36mPost Load (0.1ms)[0m  [1m[34mSELECT  "posts".* FROM "posts" WHERE "posts"."id" = ? LIMIT ?[0m  [["id", 1], ["LIMIT", 1]]
  ↳ app/controllers/posts_controller.rb:67
  Rendering posts/edit.html.erb within layouts/application
  Rendered posts/_form.html.erb (2.4ms)
  Rendered posts/edit.html.erb within layouts/application (3.6ms)
Completed 200 OK in 34ms (Views: 31.8ms | ActiveRecord: 0.1ms)


Started PATCH "/posts/1" for 127.0.0.1 at 2018-06-27 06:22:59 -0400
Processing by PostsController#update as HTML
  Parameters: {"utf8"=>"✓", "authenticity_token"=>"fLllzMMmXI+2qWayjtqg2Ca3R74F+/stVXI36Sb5MAHxjB+pc5sHuFMof81eL24L125YQCN4iiB1Ie50UnNEbg==", "post"=>{"name"=>"John", "title"=>"Upwork", "content"=>"This is the upwork post."}, "commit"=>"Update Post", "id"=>"1"}
  [1m[36mPost Load (0.2ms)[0m  [1m[34mSELECT  "posts".* FROM "posts" WHERE "posts"."id" = ? LIMIT ?[0m  [["id", 1], ["LIMIT", 1]]
  ↳ app/controllers/posts_controller.rb:67
  [1m[35m (0.0ms)[0m  [1m[36mbegin transaction[0m
  ↳ app/controllers/posts_controller.rb:44
  [1m[36mPost Update (1.9ms)[0m  [1m[33mUPDATE "posts" SET "name" = ?, "updated_at" = ? WHERE "posts"."id" = ?[0m  [["name", "John"], ["updated_at", "2018-06-27 10:22:59.980463"], ["id", 1]]
  ↳ app/controllers/posts_controller.rb:44
  [1m[35m (4.6ms)[0m  [1m[36mcommit transaction[0m
  ↳ app/controllers/posts_controller.rb:44
Redirected to http://localhost:3000/posts/1
Completed 302 Found in 13ms (ActiveRecord: 6.7ms)


Started GET "/posts/1" for 127.0.0.1 at 2018-06-27 06:22:59 -0400
Processing by PostsController#show as HTML
  Parameters: {"id"=>"1"}
  [1m[36mPost Load (0.1ms)[0m  [1m[34mSELECT  "posts".* FROM "posts" WHERE "posts"."id" = ? LIMIT ?[0m  [["id", 1], ["LIMIT", 1]]
  ↳ app/controllers/posts_controller.rb:67
  Rendering posts/show.html.erb within layouts/application
  Rendered posts/show.html.erb within layouts/application (0.8ms)
Completed 200 OK in 30ms (Views: 27.6ms | ActiveRecord: 0.1ms)


Started GET "/posts" for 127.0.0.1 at 2018-06-27 06:23:02 -0400
Processing by PostsController#index as HTML
  Rendering posts/index.html.erb within layouts/application
  [1m[36mPost Load (0.1ms)[0m  [1m[34mSELECT "posts".* FROM "posts"[0m
  ↳ app/views/posts/index.html.erb:16
  Rendered posts/index.html.erb within layouts/application (1.8ms)
Completed 200 OK in 33ms (Views: 32.2ms | ActiveRecord: 0.1ms)


Started GET "/posts" for 127.0.0.1 at 2018-06-27 06:23:56 -0400
Processing by PostsController#index as HTML
Completed 500 Internal Server Error in 5ms (ActiveRecord: 0.0ms)


  
NameError (uninitialized constant ApplicationRecord::Base):
  
app/models/post.rb:1:in `<main>'
app/controllers/posts_controller.rb:7:in `index'
Started GET "/posts" for 127.0.0.1 at 2018-06-27 06:24:06 -0400
Processing by PostsController#index as HTML
  Rendering posts/index.html.erb within layouts/application
  [1m[36mPost Load (1.4ms)[0m  [1m[34mSELECT "posts".* FROM "posts"[0m
  ↳ app/views/posts/index.html.erb:16
  Rendered posts/index.html.erb within layouts/application (12.9ms)
Completed 200 OK in 49ms (Views: 39.9ms | ActiveRecord: 2.1ms)


Started GET "/posts" for 127.0.0.1 at 2018-06-27 06:26:57 -0400
Processing by PostsController#index as HTML
  Rendering posts/index.html.erb within layouts/application
  [1m[36mPost Load (0.4ms)[0m  [1m[34mSELECT "posts".* FROM "posts"[0m
  ↳ app/views/posts/index.html.erb:16
  Rendered posts/index.html.erb within layouts/application (7.8ms)
Completed 200 OK in 46ms (Views: 39.0ms | ActiveRecord: 1.0ms)


Started GET "/posts/new" for 127.0.0.1 at 2018-06-27 06:26:59 -0400
Processing by PostsController#new as HTML
  Rendering posts/new.html.erb within layouts/application
  Rendered posts/_form.html.erb (2.1ms)
  Rendered posts/new.html.erb within layouts/application (3.1ms)
Completed 200 OK in 31ms (Views: 29.6ms | ActiveRecord: 0.0ms)


Started POST "/posts" for 127.0.0.1 at 2018-06-27 06:27:01 -0400
Processing by PostsController#create as HTML
  Parameters: {"utf8"=>"✓", "authenticity_token"=>"5cEI2kBnPm2RLSNeCPTZZNaAvDIUhww/W0QyXQo1iY888p1VRAGSq8rwzsOaFHOJcGbJ6ru16xjpZDjGbVZ+0g==", "post"=>{"name"=>"", "title"=>"", "content"=>""}, "commit"=>"Create Post"}
  [1m[35m (0.1ms)[0m  [1m[36mbegin transaction[0m
  ↳ app/controllers/posts_controller.rb:30
  [1m[35m (0.1ms)[0m  [1m[31mrollback transaction[0m
  ↳ app/controllers/posts_controller.rb:30
  Rendering posts/new.html.erb within layouts/application
  Rendered posts/_form.html.erb (2.5ms)
  Rendered posts/new.html.erb within layouts/application (3.3ms)
Completed 200 OK in 24ms (Views: 20.8ms | ActiveRecord: 0.1ms)


Started POST "/posts" for 127.0.0.1 at 2018-06-27 06:27:08 -0400
Processing by PostsController#create as HTML
  Parameters: {"utf8"=>"✓", "authenticity_token"=>"gRdEZFpB5do8Yt/yIgWwOi6cVA96nFPUi2wkrypjvaACvwCPmIUmYhJep8Gb1Xbbmq6x02NSkxaGnjfAENrp/A==", "post"=>{"name"=>"sd", "title"=>"sa", "content"=>""}, "commit"=>"Create Post"}
  [1m[35m (0.1ms)[0m  [1m[36mbegin transaction[0m
  ↳ app/controllers/posts_controller.rb:30
  [1m[35m (0.0ms)[0m  [1m[31mrollback transaction[0m
  ↳ app/controllers/posts_controller.rb:30
  Rendering posts/new.html.erb within layouts/application
  Rendered posts/_form.html.erb (2.3ms)
  Rendered posts/new.html.erb within layouts/application (3.3ms)
Completed 200 OK in 30ms (Views: 27.3ms | ActiveRecord: 0.1ms)


Started GET "/posts" for 127.0.0.1 at 2018-06-27 06:27:11 -0400
Processing by PostsController#index as HTML
  Rendering posts/index.html.erb within layouts/application
  [1m[36mPost Load (0.1ms)[0m  [1m[34mSELECT "posts".* FROM "posts"[0m
  ↳ app/views/posts/index.html.erb:16
  Rendered posts/index.html.erb within layouts/application (1.6ms)
Completed 200 OK in 19ms (Views: 18.1ms | ActiveRecord: 0.1ms)


